<?xml version="1.0" encoding="UTF-8"?>
<testsuite xmlns:xsi="http://www.w3.org/2001/XMLSchema-instance" xsi:noNamespaceSchemaLocation="https://maven.apache.org/surefire/maven-surefire-plugin/xsd/surefire-test-report-3.0.xsd" version="3.0" name="org.apache.iotdb.slidingWindowLR.core.ConfidenceIntervalTest" time="0.005" tests="5" errors="0" skipped="0" failures="0">
  <properties>
[...]
</properties>
  <testcase name="testPerfectLinear_narrowInterval" classname="org.apache.iotdb.slidingWindowLR.core.ConfidenceIntervalTest" time="0.001"/>
  <testcase name="testFilterVsNoFilterComparison" classname="org.apache.iotdb.slidingWindowLR.core.ConfidenceIntervalTest" time="0.002"/>
  <testcase name="testTrendPredictorWithOutlierFilter" classname="org.apache.iotdb.slidingWindowLR.core.ConfidenceIntervalTest" time="0.001"/>
  <testcase name="testTrendPredictorWithCI" classname="org.apache.iotdb.slidingWindowLR.core.ConfidenceIntervalTest" time="0.0"/>
  <testcase name="testNoisyData_widerInterval" classname="org.apache.iotdb.slidingWindowLR.core.ConfidenceIntervalTest" time="0.0"/>
</testsuite>